2004.01.05 22:58 B C:\HTTPD\HTDOCS\iCreatives\locations\images\about.gif <-- TempArt Server /HTTPD/Htdocs/iCreatives/locations/images about.gif
2004.01.05 22:58 B C:\HTTPD\HTDOCS\iCreatives\locations\images\about_sub.gif <-- TempArt Server /HTTPD/Htdocs/iCreatives/locations/images about_sub.gif
2004.01.05 22:58 B C:\HTTPD\HTDOCS\iCreatives\locations\images\battery_TOP.gif <-- TempArt Server /HTTPD/Htdocs/iCreatives/locations/images battery_TOP.gif
2004.01.05 22:58 B C:\HTTPD\HTDOCS\iCreatives\locations\images\bottom.gif <-- TempArt Server /HTTPD/Htdocs/iCreatives/locations/images bottom.gif
2004.01.05 22:58 B C:\HTTPD\HTDOCS\iCreatives\locations\images\bottom_01.gif <-- TempArt Server /HTTPD/Htdocs/iCreatives/locations/images bottom_01.gif
2004.01.05 22:58 B C:\HTTPD\HTDOCS\iCreatives\locations\images\bottom_02.gif <-- TempArt Server /HTTPD/Htdocs/iCreatives/locations/images bottom_02.gif
2004.01.05 22:58 B C:\HTTPD\HTDOCS\iCreatives\locations\images\bottom_03.gif <-- TempArt Server /HTTPD/Htdocs/iCreatives/locations/images bottom_03.gif
2004.01.05 22:58 B C:\HTTPD\HTDOCS\iCreatives\locations\images\bottom_04.gif <-- TempArt Server /HTTPD/Htdocs/iCreatives/locations/images bottom_04.gif
2004.01.05 22:58 B C:\HTTPD\HTDOCS\iCreatives\locations\images\city_la.gif <-- TempArt Server /HTTPD/Htdocs/iCreatives/locations/images city_la.gif
2004.01.05 22:58 B C:\HTTPD\HTDOCS\iCreatives\locations\images\city_sf.gif <-- TempArt Server /HTTPD/Htdocs/iCreatives/locations/images city_sf.gif
2004.01.05 22:58 B C:\HTTPD\HTDOCS\iCreatives\locations\images\content.gif <-- TempArt Server /HTTPD/Htdocs/iCreatives/locations/images content.gif
2004.01.05 22:58 B C:\HTTPD\HTDOCS\iCreatives\locations\images\divider.gif <-- TempArt Server /HTTPD/Htdocs/iCreatives/locations/images divider.gif
2004.01.05 22:58 B C:\HTTPD\HTDOCS\iCreatives\locations\images\divider_pattern.gif <-- TempArt Server /HTTPD/Htdocs/iCreatives/locations/images divider_pattern.gif
2004.01.05 22:58 B C:\HTTPD\HTDOCS\iCreatives\locations\images\dot1.gif <-- TempArt Server /HTTPD/Htdocs/iCreatives/locations/images dot1.gif
2004.01.05 22:58 B C:\HTTPD\HTDOCS\iCreatives\locations\images\dot2.gif <-- TempArt Server /HTTPD/Htdocs/iCreatives/locations/images dot2.gif
2004.01.05 22:58 B C:\HTTPD\HTDOCS\iCreatives\locations\images\dot3.gif <-- TempArt Server /HTTPD/Htdocs/iCreatives/locations/images dot3.gif
2004.01.05 22:58 B C:\HTTPD\HTDOCS\iCreatives\locations\images\dot4.gif <-- TempArt Server /HTTPD/Htdocs/iCreatives/locations/images dot4.gif
2004.01.05 22:58 B C:\HTTPD\HTDOCS\iCreatives\locations\images\dot5.gif <-- TempArt Server /HTTPD/Htdocs/iCreatives/locations/images dot5.gif
2004.01.05 22:58 B C:\HTTPD\HTDOCS\iCreatives\locations\images\dotoff.gif <-- TempArt Server /HTTPD/Htdocs/iCreatives/locations/images dotoff.gif
2004.01.05 22:58 B C:\HTTPD\HTDOCS\iCreatives\locations\images\header.gif <-- TempArt Server /HTTPD/Htdocs/iCreatives/locations/images header.gif
2004.01.05 22:58 B C:\HTTPD\HTDOCS\iCreatives\locations\images\images.gif <-- TempArt Server /HTTPD/Htdocs/iCreatives/locations/images images.gif
2004.01.05 22:58 B C:\HTTPD\HTDOCS\iCreatives\locations\images\location_B.gif <-- TempArt Server /HTTPD/Htdocs/iCreatives/locations/images location_B.gif
2004.01.05 22:58 B C:\HTTPD\HTDOCS\iCreatives\locations\images\location_pic.gif <-- TempArt Server /HTTPD/Htdocs/iCreatives/locations/images location_pic.gif
2004.01.05 22:58 B C:\HTTPD\HTDOCS\iCreatives\locations\images\locations.gif <-- TempArt Server /HTTPD/Htdocs/iCreatives/locations/images locations.gif
2004.01.05 22:58 B C:\HTTPD\HTDOCS\iCreatives\locations\images\logo.gif <-- TempArt Server /HTTPD/Htdocs/iCreatives/locations/images logo.gif
2004.01.05 22:58 B C:\HTTPD\HTDOCS\iCreatives\locations\images\margin.gif <-- TempArt Server /HTTPD/Htdocs/iCreatives/locations/images margin.gif
2004.01.05 22:58 B C:\HTTPD\HTDOCS\iCreatives\locations\images\margin2.gif <-- TempArt Server /HTTPD/Htdocs/iCreatives/locations/images margin2.gif
2004.01.05 22:58 B C:\HTTPD\HTDOCS\iCreatives\locations\images\margin_pattern.gif <-- TempArt Server /HTTPD/Htdocs/iCreatives/locations/images margin_pattern.gif
2004.01.05 22:58 B C:\HTTPD\HTDOCS\iCreatives\locations\images\need_work.gif <-- TempArt Server /HTTPD/Htdocs/iCreatives/locations/images need_work.gif
2004.01.05 22:58 B C:\HTTPD\HTDOCS\iCreatives\locations\images\need_work_sub.gif <-- TempArt Server /HTTPD/Htdocs/iCreatives/locations/images need_work_sub.gif
2004.01.05 22:58 B C:\HTTPD\HTDOCS\iCreatives\locations\images\request_creatives.gif <-- TempArt Server /HTTPD/Htdocs/iCreatives/locations/images request_creatives.gif
2004.01.05 22:58 B C:\HTTPD\HTDOCS\iCreatives\locations\images\request_creatives_sub.gif <-- TempArt Server /HTTPD/Htdocs/iCreatives/locations/images request_creatives_sub.gif
2004.01.05 22:58 B C:\HTTPD\HTDOCS\iCreatives\locations\images\services.gif <-- TempArt Server /HTTPD/Htdocs/iCreatives/locations/images services.gif
2004.01.05 22:58 B C:\HTTPD\HTDOCS\iCreatives\locations\images\spacer.gif <-- TempArt Server /HTTPD/Htdocs/iCreatives/locations/images spacer.gif
2004.01.05 22:58 B C:\HTTPD\HTDOCS\iCreatives\locations\images\sub_nav.gif <-- TempArt Server /HTTPD/Htdocs/iCreatives/locations/images sub_nav.gif
2004.01.05 22:58 B C:\HTTPD\HTDOCS\iCreatives\locations\images\toptext_01-over.gif <-- TempArt Server /HTTPD/Htdocs/iCreatives/locations/images toptext_01-over.gif
2004.01.05 22:58 B C:\HTTPD\HTDOCS\iCreatives\locations\images\toptext_01.gif <-- TempArt Server /HTTPD/Htdocs/iCreatives/locations/images toptext_01.gif
2004.01.05 22:58 B C:\HTTPD\HTDOCS\iCreatives\locations\images\toptext_02-over.gif <-- TempArt Server /HTTPD/Htdocs/iCreatives/locations/images toptext_02-over.gif
2004.01.05 22:58 B C:\HTTPD\HTDOCS\iCreatives\locations\images\toptext_02.gif <-- TempArt Server /HTTPD/Htdocs/iCreatives/locations/images toptext_02.gif
2004.01.05 22:58 B C:\HTTPD\HTDOCS\iCreatives\locations\images\toptext_03-over.gif <-- TempArt Server /HTTPD/Htdocs/iCreatives/locations/images toptext_03-over.gif
2004.01.05 22:58 B C:\HTTPD\HTDOCS\iCreatives\locations\images\toptext_03.gif <-- TempArt Server /HTTPD/Htdocs/iCreatives/locations/images toptext_03.gif
2004.01.05 22:58 B C:\HTTPD\HTDOCS\iCreatives\locations\images\toptext_04-over.gif <-- TempArt Server /HTTPD/Htdocs/iCreatives/locations/images toptext_04-over.gif
2004.01.05 22:58 B C:\HTTPD\HTDOCS\iCreatives\locations\images\toptext_04.gif <-- TempArt Server /HTTPD/Htdocs/iCreatives/locations/images toptext_04.gif
2004.01.05 22:58 B C:\HTTPD\HTDOCS\iCreatives\locations\images\toptext_05-over.gif <-- TempArt Server /HTTPD/Htdocs/iCreatives/locations/images toptext_05-over.gif
2004.01.05 22:58 B C:\HTTPD\HTDOCS\iCreatives\locations\images\toptext_05.gif <-- TempArt Server /HTTPD/Htdocs/iCreatives/locations/images toptext_05.gif
2004.01.05 22:58 B C:\HTTPD\HTDOCS\iCreatives\locations\images\ximages.gif <-- TempArt Server /HTTPD/Htdocs/iCreatives/locations/images ximages.gif
2012.02.03 10:39 B D:\HTTPD\WebTime\images\about.gif --> beta.icreatives.com /WebTime/images about.gif
2012.02.03 10:39 B D:\HTTPD\WebTime\images\about_sub.gif --> beta.icreatives.com /WebTime/images about_sub.gif
2012.02.03 10:39 B D:\HTTPD\WebTime\images\ajax-loader.gif --> beta.icreatives.com /WebTime/images ajax-loader.gif
2012.02.03 10:39 B D:\HTTPD\WebTime\images\approval.gif --> beta.icreatives.com /WebTime/images approval.gif
2012.02.03 10:39 B D:\HTTPD\WebTime\images\battery_TOP.gif --> beta.icreatives.com /WebTime/images battery_TOP.gif
2012.02.03 10:39 B D:\HTTPD\WebTime\images\bottom.gif --> beta.icreatives.com /WebTime/images bottom.gif
2012.02.03 10:39 B D:\HTTPD\WebTime\images\bottom_01.gif --> beta.icreatives.com /WebTime/images bottom_01.gif
2012.02.03 10:39 B D:\HTTPD\WebTime\images\bottom_02.gif --> beta.icreatives.com /WebTime/images bottom_02.gif
2012.02.03 10:39 B D:\HTTPD\WebTime\images\bottom_03.gif --> beta.icreatives.com /WebTime/images bottom_03.gif
2012.02.03 10:39 B D:\HTTPD\WebTime\images\bottom_04.gif --> beta.icreatives.com /WebTime/images bottom_04.gif
2012.02.03 10:39 B D:\HTTPD\WebTime\images\city_la.gif --> beta.icreatives.com /WebTime/images city_la.gif
2012.02.03 10:39 B D:\HTTPD\WebTime\images\city_sf.gif --> beta.icreatives.com /WebTime/images city_sf.gif
2012.02.03 10:39 B D:\HTTPD\WebTime\images\content.gif --> beta.icreatives.com /WebTime/images content.gif
2012.02.03 10:39 B D:\HTTPD\WebTime\images\divide_bott.gif --> beta.icreatives.com /WebTime/images divide_bott.gif
2012.02.03 10:39 B D:\HTTPD\WebTime\images\divider.gif --> beta.icreatives.com /WebTime/images divider.gif
2012.02.03 10:39 B D:\HTTPD\WebTime\images\divider_pattern.gif --> beta.icreatives.com /WebTime/images divider_pattern.gif
2012.02.03 10:39 B D:\HTTPD\WebTime\images\dot1.gif --> beta.icreatives.com /WebTime/images dot1.gif
2012.02.03 10:39 B D:\HTTPD\WebTime\images\dot2.gif --> beta.icreatives.com /WebTime/images dot2.gif
2012.02.03 10:39 B D:\HTTPD\WebTime\images\dot3.gif --> beta.icreatives.com /WebTime/images dot3.gif
2012.02.03 10:39 B D:\HTTPD\WebTime\images\dot4.gif --> beta.icreatives.com /WebTime/images dot4.gif
2012.02.03 10:39 B D:\HTTPD\WebTime\images\dot5.gif --> beta.icreatives.com /WebTime/images dot5.gif
2012.02.03 10:39 B D:\HTTPD\WebTime\images\dotoff.gif --> beta.icreatives.com /WebTime/images dotoff.gif
2012.02.03 10:39 B D:\HTTPD\WebTime\images\header.gif --> beta.icreatives.com /WebTime/images header.gif
2012.02.03 10:39 B D:\HTTPD\WebTime\images\images.gif --> beta.icreatives.com /WebTime/images images.gif
2012.02.03 10:39 B D:\HTTPD\WebTime\images\location_B.gif --> beta.icreatives.com /WebTime/images location_B.gif
2012.02.03 10:39 B D:\HTTPD\WebTime\images\location_pic.gif --> beta.icreatives.com /WebTime/images location_pic.gif
2012.02.03 10:39 B D:\HTTPD\WebTime\images\locations.gif --> beta.icreatives.com /WebTime/images locations.gif
2012.02.03 10:39 B D:\HTTPD\WebTime\images\log-in.gif --> beta.icreatives.com /WebTime/images log-in.gif
2012.02.03 10:39 B D:\HTTPD\WebTime\images\login.gif --> beta.icreatives.com /WebTime/images login.gif
2012.02.03 10:39 B D:\HTTPD\WebTime\images\login_B.gif --> beta.icreatives.com /WebTime/images login_B.gif
2012.02.03 10:39 B D:\HTTPD\WebTime\images\logo.gif --> beta.icreatives.com /WebTime/images logo.gif
2012.02.03 10:39 B D:\HTTPD\WebTime\images\margin.gif --> beta.icreatives.com /WebTime/images margin.gif
2012.02.03 10:39 B D:\HTTPD\WebTime\images\margin2.gif --> beta.icreatives.com /WebTime/images margin2.gif
2012.02.03 10:39 B D:\HTTPD\WebTime\images\margin_pattern.gif --> beta.icreatives.com /WebTime/images margin_pattern.gif
2012.02.03 10:39 B D:\HTTPD\WebTime\images\need_work.gif --> beta.icreatives.com /WebTime/images need_work.gif
2012.02.03 10:39 B D:\HTTPD\WebTime\images\need_work_sub.gif --> beta.icreatives.com /WebTime/images need_work_sub.gif
2012.02.03 10:39 B D:\HTTPD\WebTime\images\request_creatives.gif --> beta.icreatives.com /WebTime/images request_creatives.gif
2012.02.03 10:39 B D:\HTTPD\WebTime\images\request_creatives_sub.gif --> beta.icreatives.com /WebTime/images request_creatives_sub.gif
2012.02.03 10:39 B D:\HTTPD\WebTime\images\sent.gif --> beta.icreatives.com /WebTime/images sent.gif
2012.02.03 10:39 B D:\HTTPD\WebTime\images\sent2.gif --> beta.icreatives.com /WebTime/images sent2.gif
2012.02.03 10:39 B D:\HTTPD\WebTime\images\services.gif --> beta.icreatives.com /WebTime/images services.gif
2012.02.03 10:39 B D:\HTTPD\WebTime\images\spacer.gif --> beta.icreatives.com /WebTime/images spacer.gif
2012.02.03 10:39 B D:\HTTPD\WebTime\images\sub_nav.gif --> beta.icreatives.com /WebTime/images sub_nav.gif
2012.02.03 10:39 B D:\HTTPD\WebTime\images\thankyou.gif --> beta.icreatives.com /WebTime/images thankyou.gif
2012.02.03 10:39 B D:\HTTPD\WebTime\images\time-sheet.gif --> beta.icreatives.com /WebTime/images time-sheet.gif
2012.02.03 10:39 B D:\HTTPD\WebTime\images\TimeSheet.gif --> beta.icreatives.com /WebTime/images TimeSheet.gif
2012.02.03 10:39 B D:\HTTPD\WebTime\images\toptext_01-over.gif --> beta.icreatives.com /WebTime/images toptext_01-over.gif
2012.02.03 10:39 B D:\HTTPD\WebTime\images\toptext_01.gif --> beta.icreatives.com /WebTime/images toptext_01.gif
2012.02.03 10:39 B D:\HTTPD\WebTime\images\toptext_02-over.gif --> beta.icreatives.com /WebTime/images toptext_02-over.gif
2012.02.03 10:39 B D:\HTTPD\WebTime\images\toptext_02.gif --> beta.icreatives.com /WebTime/images toptext_02.gif
2012.02.03 10:39 B D:\HTTPD\WebTime\images\toptext_03-over.gif --> beta.icreatives.com /WebTime/images toptext_03-over.gif
2012.02.03 10:39 B D:\HTTPD\WebTime\images\toptext_03.gif --> beta.icreatives.com /WebTime/images toptext_03.gif
2012.02.03 10:39 B D:\HTTPD\WebTime\images\toptext_04-over.gif --> beta.icreatives.com /WebTime/images toptext_04-over.gif
2012.02.03 10:39 B D:\HTTPD\WebTime\images\toptext_04.gif --> beta.icreatives.com /WebTime/images toptext_04.gif
2012.02.03 10:39 B D:\HTTPD\WebTime\images\toptext_05-over.gif --> beta.icreatives.com /WebTime/images toptext_05-over.gif
2012.02.03 10:39 B D:\HTTPD\WebTime\images\toptext_05.gif --> beta.icreatives.com /WebTime/images toptext_05.gif
2012.02.03 10:39 B D:\HTTPD\WebTime\images\welcome.gif --> beta.icreatives.com /WebTime/images welcome.gif
