vti_encoding:SR|utf8-nl
vti_timelastmodified:TR|06 Jan 2004 03:58:31 -0000
vti_extenderversion:SR|5.0.2.6790
vti_lineageid:SR|{C5C8EE70-6073-4A85-BE1F-9DA4B8E4EEF0}
vti_cacheddtm:TX|06 Jan 2004 03:58:31 -0000
vti_filesize:IR|7056
vti_backlinkinfo:VX|
2012.02.03 10:39 B D:\HTTPD\WebTime\images\_vti_cnf\about.gif --> beta.icreatives.com /WebTime/images/_vti_cnf about.gif
2012.02.03 10:39 B D:\HTTPD\WebTime\images\_vti_cnf\about_sub.gif --> beta.icreatives.com /WebTime/images/_vti_cnf about_sub.gif
2012.02.03 10:39 B D:\HTTPD\WebTime\images\_vti_cnf\approval.gif --> beta.icreatives.com /WebTime/images/_vti_cnf approval.gif
2012.02.03 10:39 B D:\HTTPD\WebTime\images\_vti_cnf\battery_TOP.gif --> beta.icreatives.com /WebTime/images/_vti_cnf battery_TOP.gif
2012.02.03 10:39 B D:\HTTPD\WebTime\images\_vti_cnf\bottom.gif --> beta.icreatives.com /WebTime/images/_vti_cnf bottom.gif
2012.02.03 10:39 B D:\HTTPD\WebTime\images\_vti_cnf\bottom_01.gif --> beta.icreatives.com /WebTime/images/_vti_cnf bottom_01.gif
2012.02.03 10:39 B D:\HTTPD\WebTime\images\_vti_cnf\bottom_02.gif --> beta.icreatives.com /WebTime/images/_vti_cnf bottom_02.gif
2012.02.03 10:39 B D:\HTTPD\WebTime\images\_vti_cnf\bottom_03.gif --> beta.icreatives.com /WebTime/images/_vti_cnf bottom_03.gif
2012.02.03 10:39 B D:\HTTPD\WebTime\images\_vti_cnf\bottom_04.gif --> beta.icreatives.com /WebTime/images/_vti_cnf bottom_04.gif
2012.02.03 10:39 B D:\HTTPD\WebTime\images\_vti_cnf\city_la.gif --> beta.icreatives.com /WebTime/images/_vti_cnf city_la.gif
2012.02.03 10:39 B D:\HTTPD\WebTime\images\_vti_cnf\city_sf.gif --> beta.icreatives.com /WebTime/images/_vti_cnf city_sf.gif
2012.02.03 10:39 B D:\HTTPD\WebTime\images\_vti_cnf\content.gif --> beta.icreatives.com /WebTime/images/_vti_cnf content.gif
2012.02.03 10:39 B D:\HTTPD\WebTime\images\_vti_cnf\divide_bott.gif --> beta.icreatives.com /WebTime/images/_vti_cnf divide_bott.gif
2012.02.03 10:39 B D:\HTTPD\WebTime\images\_vti_cnf\divider.gif --> beta.icreatives.com /WebTime/images/_vti_cnf divider.gif
2012.02.03 10:39 B D:\HTTPD\WebTime\images\_vti_cnf\divider_pattern.gif --> beta.icreatives.com /WebTime/images/_vti_cnf divider_pattern.gif
2012.02.03 10:39 B D:\HTTPD\WebTime\images\_vti_cnf\dot1.gif --> beta.icreatives.com /WebTime/images/_vti_cnf dot1.gif
2012.02.03 10:39 B D:\HTTPD\WebTime\images\_vti_cnf\dot2.gif --> beta.icreatives.com /WebTime/images/_vti_cnf dot2.gif
2012.02.03 10:39 B D:\HTTPD\WebTime\images\_vti_cnf\dot3.gif --> beta.icreatives.com /WebTime/images/_vti_cnf dot3.gif
2012.02.03 10:39 B D:\HTTPD\WebTime\images\_vti_cnf\dot4.gif --> beta.icreatives.com /WebTime/images/_vti_cnf dot4.gif
2012.02.03 10:39 B D:\HTTPD\WebTime\images\_vti_cnf\dot5.gif --> beta.icreatives.com /WebTime/images/_vti_cnf dot5.gif
2012.02.03 10:39 B D:\HTTPD\WebTime\images\_vti_cnf\dotoff.gif --> beta.icreatives.com /WebTime/images/_vti_cnf dotoff.gif
2012.02.03 10:39 B D:\HTTPD\WebTime\images\_vti_cnf\header.gif --> beta.icreatives.com /WebTime/images/_vti_cnf header.gif
2012.02.03 10:39 B D:\HTTPD\WebTime\images\_vti_cnf\images.gif --> beta.icreatives.com /WebTime/images/_vti_cnf images.gif
2012.02.03 10:39 B D:\HTTPD\WebTime\images\_vti_cnf\location_B.gif --> beta.icreatives.com /WebTime/images/_vti_cnf location_B.gif
2012.02.03 10:39 B D:\HTTPD\WebTime\images\_vti_cnf\location_pic.gif --> beta.icreatives.com /WebTime/images/_vti_cnf location_pic.gif
2012.02.03 10:39 B D:\HTTPD\WebTime\images\_vti_cnf\locations.gif --> beta.icreatives.com /WebTime/images/_vti_cnf locations.gif
2012.02.03 10:39 B D:\HTTPD\WebTime\images\_vti_cnf\log-in.gif --> beta.icreatives.com /WebTime/images/_vti_cnf log-in.gif
2012.02.03 10:39 B D:\HTTPD\WebTime\images\_vti_cnf\login.gif --> beta.icreatives.com /WebTime/images/_vti_cnf login.gif
2012.02.03 10:39 B D:\HTTPD\WebTime\images\_vti_cnf\login_B.gif --> beta.icreatives.com /WebTime/images/_vti_cnf login_B.gif
2012.02.03 10:39 B D:\HTTPD\WebTime\images\_vti_cnf\logo.gif --> beta.icreatives.com /WebTime/images/_vti_cnf logo.gif
2012.02.03 10:39 B D:\HTTPD\WebTime\images\_vti_cnf\margin.gif --> beta.icreatives.com /WebTime/images/_vti_cnf margin.gif
2012.02.03 10:39 B D:\HTTPD\WebTime\images\_vti_cnf\margin2.gif --> beta.icreatives.com /WebTime/images/_vti_cnf margin2.gif
2012.02.03 10:39 B D:\HTTPD\WebTime\images\_vti_cnf\margin_pattern.gif --> beta.icreatives.com /WebTime/images/_vti_cnf margin_pattern.gif
2012.02.03 10:39 B D:\HTTPD\WebTime\images\_vti_cnf\need_work.gif --> beta.icreatives.com /WebTime/images/_vti_cnf need_work.gif
2012.02.03 10:39 B D:\HTTPD\WebTime\images\_vti_cnf\need_work_sub.gif --> beta.icreatives.com /WebTime/images/_vti_cnf need_work_sub.gif
2012.02.03 10:39 B D:\HTTPD\WebTime\images\_vti_cnf\request_creatives.gif --> beta.icreatives.com /WebTime/images/_vti_cnf request_creatives.gif
2012.02.03 10:39 B D:\HTTPD\WebTime\images\_vti_cnf\request_creatives_sub.gif --> beta.icreatives.com /WebTime/images/_vti_cnf request_creatives_sub.gif
2012.02.03 10:39 B D:\HTTPD\WebTime\images\_vti_cnf\sent.gif --> beta.icreatives.com /WebTime/images/_vti_cnf sent.gif
2012.02.03 10:39 B D:\HTTPD\WebTime\images\_vti_cnf\sent2.gif --> beta.icreatives.com /WebTime/images/_vti_cnf sent2.gif
2012.02.03 10:39 B D:\HTTPD\WebTime\images\_vti_cnf\services.gif --> beta.icreatives.com /WebTime/images/_vti_cnf services.gif
2012.02.03 10:39 B D:\HTTPD\WebTime\images\_vti_cnf\spacer.gif --> beta.icreatives.com /WebTime/images/_vti_cnf spacer.gif
2012.02.03 10:39 B D:\HTTPD\WebTime\images\_vti_cnf\sub_nav.gif --> beta.icreatives.com /WebTime/images/_vti_cnf sub_nav.gif
2012.02.03 10:39 B D:\HTTPD\WebTime\images\_vti_cnf\thankyou.gif --> beta.icreatives.com /WebTime/images/_vti_cnf thankyou.gif
2012.02.03 10:39 B D:\HTTPD\WebTime\images\_vti_cnf\time-sheet.gif --> beta.icreatives.com /WebTime/images/_vti_cnf time-sheet.gif
2012.02.03 10:39 B D:\HTTPD\WebTime\images\_vti_cnf\TimeSheet.gif --> beta.icreatives.com /WebTime/images/_vti_cnf TimeSheet.gif
2012.02.03 10:39 B D:\HTTPD\WebTime\images\_vti_cnf\toptext_01-over.gif --> beta.icreatives.com /WebTime/images/_vti_cnf toptext_01-over.gif
2012.02.03 10:39 B D:\HTTPD\WebTime\images\_vti_cnf\toptext_01.gif --> beta.icreatives.com /WebTime/images/_vti_cnf toptext_01.gif
2012.02.03 10:39 B D:\HTTPD\WebTime\images\_vti_cnf\toptext_02-over.gif --> beta.icreatives.com /WebTime/images/_vti_cnf toptext_02-over.gif
2012.02.03 10:39 B D:\HTTPD\WebTime\images\_vti_cnf\toptext_02.gif --> beta.icreatives.com /WebTime/images/_vti_cnf toptext_02.gif
2012.02.03 10:39 B D:\HTTPD\WebTime\images\_vti_cnf\toptext_03-over.gif --> beta.icreatives.com /WebTime/images/_vti_cnf toptext_03-over.gif
2012.02.03 10:39 B D:\HTTPD\WebTime\images\_vti_cnf\toptext_03.gif --> beta.icreatives.com /WebTime/images/_vti_cnf toptext_03.gif
2012.02.03 10:39 B D:\HTTPD\WebTime\images\_vti_cnf\toptext_04-over.gif --> beta.icreatives.com /WebTime/images/_vti_cnf toptext_04-over.gif
2012.02.03 10:39 B D:\HTTPD\WebTime\images\_vti_cnf\toptext_04.gif --> beta.icreatives.com /WebTime/images/_vti_cnf toptext_04.gif
2012.02.03 10:39 B D:\HTTPD\WebTime\images\_vti_cnf\toptext_05-over.gif --> beta.icreatives.com /WebTime/images/_vti_cnf toptext_05-over.gif
2012.02.03 10:39 B D:\HTTPD\WebTime\images\_vti_cnf\toptext_05.gif --> beta.icreatives.com /WebTime/images/_vti_cnf toptext_05.gif
2012.02.03 10:39 B D:\HTTPD\WebTime\images\_vti_cnf\welcome.gif --> beta.icreatives.com /WebTime/images/_vti_cnf welcome.gif
